{"name": "test_login_data_driven[chromium-Valid login-mihir@abc.com-Sti@1234-success]", "status": "failed", "statusDetails": {"message": "AssertionError: Locator expected to be visible\nActual value: None\nError: element(s) not found \nCall log:\n  - Expect \"to_be_visible\" with timeout 3000ms\n  - waiting for locator(\"h2:has-text(\\\"My Account\\\")\")", "trace": "page = <Page url='https://tutorialsninja.com/demo/index.php?route=account/login'>, testName = 'Valid login', email = 'mihir@abc.com', password = 'Sti@1234', expected = 'success'\n\n    @pytest.mark.datadriven\n    @pytest.mark.parametrize(\"testName,email,password,expected\",csv_data)\n    def test_login_data_driven(page,testName,email,password,expected):\n        page.goto(\"/\")\n        home_page = HomePage(page)\n        login_page = LoginPage(page)\n        my_account_page=MyAccountPage(page)\n    \n        home_page.click_my_account()\n        home_page.click_login()\n    \n        login_page.login(email,password)\n        time.sleep(3)\n    \n        if expected==\"success\":\n>           expect(my_account_page.get_my_account_page_heading()).to_be_visible(timeout=3000)\nE           AssertionError: Locator expected to be visible\nE           Actual value: None\nE           Error: element(s) not found \nE           Call log:\nE             - Expect \"to_be_visible\" with timeout 3000ms\nE             - waiting for locator(\"h2:has-text(\\\"My Account\\\")\")\n\ntests\\test_login_data_driven.py:33: AssertionError"}, "parameters": [{"name": "browser_name", "value": "'chromium'"}, {"name": "testName", "value": "'Valid login'"}, {"name": "email", "value": "'mihir@abc.com'"}, {"name": "password", "value": "'Sti@1234'"}, {"name": "expected", "value": "'success'"}], "start": 1771291192443, "stop": 1771291202646, "uuid": "3e11bc11-1a77-4ef6-a0af-7ec7abe6ea01", "historyId": "5fba5da8e1d307010664ff0c70f5d54b", "testCaseId": "e61e91c8e7cf75b1f54487af25e7b0f4", "fullName": "tests.test_login_data_driven#test_login_data_driven", "labels": [{"name": "tag", "value": "datadriven"}, {"name": "parentSuite", "value": "tests"}, {"name": "suite", "value": "test_login_data_driven"}, {"name": "host", "value": "KANINI-LTP-699"}, {"name": "thread", "value": "26868-MainThread"}, {"name": "framework", "value": "pytest"}, {"name": "language", "value": "cpython3"}, {"name": "package", "value": "tests.test_login_data_driven"}], "titlePath": ["tests", "test_login_data_driven.py"]}